

Started GET "/" for ::1 at 2022-03-18 00:08:39 +0300
Processing by FtQueryController#index as HTML
  Rendered ft_query/index.html.erb within layouts/application (4.7ms)
Completed 200 OK in 1109ms (Views: 1101.9ms | ActiveRecord: 0.0ms)


Started POST "/start_race" for ::1 at 2022-03-18 00:08:46 +0300
Processing by FtQueryController#start_race as HTML
  Parameters: {"utf8"=>"✓", "authenticity_token"=>"McA5yv1QOwSjWU8avGxtO6sOnUsxGTBzLCqx9fj/BCq6d59gVP1CRNy1Mb76ne65UDGxINMQCzYTF4kTd3Hjjw==", "commit"=>"Subscribe / Start race", "name_1"=>"", "name_2"=>"", "name_3"=>"", "name_4"=>""}
  Rendered ft_query/start_race.html.erb within layouts/application (0.3ms)
Completed 200 OK in 23ms (Views: 22.2ms | ActiveRecord: 0.0ms)


Started POST "/create_table" for ::1 at 2022-03-18 00:09:04 +0300
Processing by FtQueryController#create_table as HTML
  Parameters: {"authenticity_token"=>"McA5yv1QOwSjWU8avGxtO6sOnUsxGTBzLCqx9fj/BCq6d59gVP1CRNy1Mb76ne65UDGxINMQCzYTF4kTd3Hjjw=="}
  Rendered ft_query/create_table.html.erb within layouts/application (0.4ms)
Completed 200 OK in 17ms (Views: 16.6ms | ActiveRecord: 0.0ms)


Started POST "/drop_table" for ::1 at 2022-03-18 00:09:08 +0300
Processing by FtQueryController#drop_table as HTML
  Parameters: {"authenticity_token"=>"McA5yv1QOwSjWU8avGxtO6sOnUsxGTBzLCqx9fj/BCq6d59gVP1CRNy1Mb76ne65UDGxINMQCzYTF4kTd3Hjjw=="}
Completed 500 Internal Server Error in 5ms (ActiveRecord: 0.0ms)

ActionView::MissingTemplate - Missing template ft_query/drop_table, application/drop_table with {:locale=>[:en], :formats=>[:html], :variants=>[], :handlers=>[:erb, :builder, :raw, :ruby, :coffee, :jbuilder]}. Searched in:
  * "/Users/fhyman/Downloads/d05/Seek_well/app/views"
:
  actionview (4.2.6) lib/action_view/path_set.rb:46:in `find'
  actionview (4.2.6) lib/action_view/lookup_context.rb:121:in `find'
  actionview (4.2.6) lib/action_view/renderer/abstract_renderer.rb:18:in `find_template'
  actionview (4.2.6) lib/action_view/renderer/template_renderer.rb:40:in `determine_template'
  actionview (4.2.6) lib/action_view/renderer/template_renderer.rb:8:in `render'
  actionview (4.2.6) lib/action_view/renderer/renderer.rb:46:in `render_template'
  actionview (4.2.6) lib/action_view/renderer/renderer.rb:27:in `render'
  actionview (4.2.6) lib/action_view/rendering.rb:100:in `_render_template'
  actionpack (4.2.6) lib/action_controller/metal/streaming.rb:217:in `_render_template'
  actionview (4.2.6) lib/action_view/rendering.rb:83:in `render_to_body'
  actionpack (4.2.6) lib/action_controller/metal/rendering.rb:32:in `render_to_body'
  actionpack (4.2.6) lib/action_controller/metal/renderers.rb:37:in `render_to_body'
  actionpack (4.2.6) lib/abstract_controller/rendering.rb:25:in `render'
  actionpack (4.2.6) lib/action_controller/metal/rendering.rb:16:in `render'
  actionpack (4.2.6) lib/action_controller/metal/instrumentation.rb:44:in `block (2 levels) in render'
  activesupport (4.2.6) lib/active_support/core_ext/benchmark.rb:12:in `block in ms'
  /Users/fhyman/.rbenv/versions/2.3.6/lib/ruby/2.3.0/benchmark.rb:308:in `realtime'
  activesupport (4.2.6) lib/active_support/core_ext/benchmark.rb:12:in `ms'
  actionpack (4.2.6) lib/action_controller/metal/instrumentation.rb:44:in `block in render'
  actionpack (4.2.6) lib/action_controller/metal/instrumentation.rb:87:in `cleanup_view_runtime'
  activerecord (4.2.6) lib/active_record/railties/controller_runtime.rb:25:in `cleanup_view_runtime'
  actionpack (4.2.6) lib/action_controller/metal/instrumentation.rb:43:in `render'
  actionpack (4.2.6) lib/action_controller/metal/implicit_render.rb:10:in `default_render'
  actionpack (4.2.6) lib/action_controller/metal/implicit_render.rb:5:in `send_action'
  actionpack (4.2.6) lib/abstract_controller/base.rb:198:in `process_action'
  actionpack (4.2.6) lib/action_controller/metal/rendering.rb:10:in `process_action'
  actionpack (4.2.6) lib/abstract_controller/callbacks.rb:20:in `block in process_action'
  activesupport (4.2.6) lib/active_support/callbacks.rb:117:in `call'
  activesupport (4.2.6) lib/active_support/callbacks.rb:555:in `block (2 levels) in compile'
  activesupport (4.2.6) lib/active_support/callbacks.rb:505:in `call'
  activesupport (4.2.6) lib/active_support/callbacks.rb:92:in `__run_callbacks__'
  activesupport (4.2.6) lib/active_support/callbacks.rb:778:in `_run_process_action_callbacks'
  activesupport (4.2.6) lib/active_support/callbacks.rb:81:in `run_callbacks'
  actionpack (4.2.6) lib/abstract_controller/callbacks.rb:19:in `process_action'
  actionpack (4.2.6) lib/action_controller/metal/rescue.rb:29:in `process_action'
  actionpack (4.2.6) lib/action_controller/metal/instrumentation.rb:32:in `block in process_action'
  activesupport (4.2.6) lib/active_support/notifications.rb:164:in `block in instrument'
  activesupport (4.2.6) lib/active_support/notifications/instrumenter.rb:20:in `instrument'
  activesupport (4.2.6) lib/active_support/notifications.rb:164:in `instrument'
  actionpack (4.2.6) lib/action_controller/metal/instrumentation.rb:30:in `process_action'
  actionpack (4.2.6) lib/action_controller/metal/params_wrapper.rb:250:in `process_action'
  activerecord (4.2.6) lib/active_record/railties/controller_runtime.rb:18:in `process_action'
  actionpack (4.2.6) lib/abstract_controller/base.rb:137:in `process'
  actionview (4.2.6) lib/action_view/rendering.rb:30:in `process'
  actionpack (4.2.6) lib/action_controller/metal.rb:196:in `dispatch'
  actionpack (4.2.6) lib/action_controller/metal/rack_delegation.rb:13:in `dispatch'
  actionpack (4.2.6) lib/action_controller/metal.rb:237:in `block in action'
  actionpack (4.2.6) lib/action_dispatch/routing/route_set.rb:74:in `dispatch'
  actionpack (4.2.6) lib/action_dispatch/routing/route_set.rb:43:in `serve'
  actionpack (4.2.6) lib/action_dispatch/journey/router.rb:43:in `block in serve'
  actionpack (4.2.6) lib/action_dispatch/journey/router.rb:30:in `serve'
  actionpack (4.2.6) lib/action_dispatch/routing/route_set.rb:817:in `call'
  rack (1.6.4) lib/rack/etag.rb:24:in `call'
  rack (1.6.4) lib/rack/conditionalget.rb:38:in `call'
  rack (1.6.4) lib/rack/head.rb:13:in `call'
  actionpack (4.2.6) lib/action_dispatch/middleware/params_parser.rb:27:in `call'
  actionpack (4.2.6) lib/action_dispatch/middleware/flash.rb:260:in `call'
  rack (1.6.4) lib/rack/session/abstract/id.rb:225:in `context'
  rack (1.6.4) lib/rack/session/abstract/id.rb:220:in `call'
  actionpack (4.2.6) lib/action_dispatch/middleware/cookies.rb:560:in `call'
  activerecord (4.2.6) lib/active_record/query_cache.rb:36:in `call'
  activerecord (4.2.6) lib/active_record/connection_adapters/abstract/connection_pool.rb:653:in `call'
  activerecord (4.2.6) lib/active_record/migration.rb:377:in `call'
  actionpack (4.2.6) lib/action_dispatch/middleware/callbacks.rb:29:in `block in call'
  activesupport (4.2.6) lib/active_support/callbacks.rb:88:in `__run_callbacks__'
  activesupport (4.2.6) lib/active_support/callbacks.rb:778:in `_run_call_callbacks'
  activesupport (4.2.6) lib/active_support/callbacks.rb:81:in `run_callbacks'
  actionpack (4.2.6) lib/action_dispatch/middleware/callbacks.rb:27:in `call'
  actionpack (4.2.6) lib/action_dispatch/middleware/reloader.rb:73:in `call'
  actionpack (4.2.6) lib/action_dispatch/middleware/remote_ip.rb:78:in `call'
  better_errors (2.1.1) lib/better_errors/middleware.rb:84:in `protected_app_call'
  better_errors (2.1.1) lib/better_errors/middleware.rb:79:in `better_errors_call'
  better_errors (2.1.1) lib/better_errors/middleware.rb:57:in `call'
  actionpack (4.2.6) lib/action_dispatch/middleware/debug_exceptions.rb:17:in `call'
  web-console (2.3.0) lib/web_console/middleware.rb:28:in `block in call'
  web-console (2.3.0) lib/web_console/middleware.rb:18:in `call'
  actionpack (4.2.6) lib/action_dispatch/middleware/show_exceptions.rb:30:in `call'
  railties (4.2.6) lib/rails/rack/logger.rb:38:in `call_app'
  railties (4.2.6) lib/rails/rack/logger.rb:20:in `block in call'
  activesupport (4.2.6) lib/active_support/tagged_logging.rb:68:in `block in tagged'
  activesupport (4.2.6) lib/active_support/tagged_logging.rb:26:in `tagged'
  activesupport (4.2.6) lib/active_support/tagged_logging.rb:68:in `tagged'
  railties (4.2.6) lib/rails/rack/logger.rb:20:in `call'
  quiet_assets (1.1.0) lib/quiet_assets.rb:27:in `call_with_quiet_assets'
  actionpack (4.2.6) lib/action_dispatch/middleware/request_id.rb:21:in `call'
  rack (1.6.4) lib/rack/methodoverride.rb:22:in `call'
  rack (1.6.4) lib/rack/runtime.rb:18:in `call'
  activesupport (4.2.6) lib/active_support/cache/strategy/local_cache_middleware.rb:28:in `call'
  rack (1.6.4) lib/rack/lock.rb:17:in `call'
  actionpack (4.2.6) lib/action_dispatch/middleware/static.rb:120:in `call'
  rack (1.6.4) lib/rack/sendfile.rb:113:in `call'
  railties (4.2.6) lib/rails/engine.rb:518:in `call'
  railties (4.2.6) lib/rails/application.rb:165:in `call'
  rack (1.6.4) lib/rack/lock.rb:17:in `call'
  rack (1.6.4) lib/rack/content_length.rb:15:in `call'
  rack (1.6.4) lib/rack/handler/webrick.rb:88:in `service'
  /Users/fhyman/.rbenv/versions/2.3.6/lib/ruby/2.3.0/webrick/httpserver.rb:140:in `service'
  /Users/fhyman/.rbenv/versions/2.3.6/lib/ruby/2.3.0/webrick/httpserver.rb:96:in `run'
  /Users/fhyman/.rbenv/versions/2.3.6/lib/ruby/2.3.0/webrick/server.rb:314:in `block in start_thread'



Started POST "/__better_errors/1165858d1ab07cbc/variables" for ::1 at 2022-03-18 00:09:08 +0300


Started GET "/" for ::1 at 2022-03-18 18:32:35 +0300
Processing by FtQueryController#index as HTML
  Rendered ft_query/index.html.erb within layouts/application (4.5ms)
Completed 200 OK in 216ms (Views: 200.2ms | ActiveRecord: 0.0ms)


Started POST "/create_db" for ::1 at 2022-03-18 18:45:52 +0300
Processing by FtQueryController#create_db as HTML
  Parameters: {"authenticity_token"=>"85eSIQ0L0ZO1y8s35gsWh3/IazIpTXBHHXM6EiONF+h4IDSLpKao08ontZOg+pUFhPdHWctESwIiTgL0rAPwTQ=="}
  Rendered ft_query/create_db.html.erb within layouts/application (1.4ms)
Completed 200 OK in 90ms (Views: 86.3ms | ActiveRecord: 0.0ms)


Started POST "/create_table" for ::1 at 2022-03-18 18:45:56 +0300
Processing by FtQueryController#create_table as HTML
  Parameters: {"authenticity_token"=>"85eSIQ0L0ZO1y8s35gsWh3/IazIpTXBHHXM6EiONF+h4IDSLpKao08ontZOg+pUFhPdHWctESwIiTgL0rAPwTQ=="}
  Rendered ft_query/create_table.html.erb within layouts/application (0.3ms)
Completed 200 OK in 12ms (Views: 11.7ms | ActiveRecord: 0.0ms)


Started POST "/start_race" for ::1 at 2022-03-18 18:46:05 +0300
Processing by FtQueryController#start_race as HTML
  Parameters: {"utf8"=>"✓", "authenticity_token"=>"85eSIQ0L0ZO1y8s35gsWh3/IazIpTXBHHXM6EiONF+h4IDSLpKao08ontZOg+pUFhPdHWctESwIiTgL0rAPwTQ==", "commit"=>"Subscribe / Start race", "name_1"=>"", "name_2"=>"", "name_3"=>"", "name_4"=>""}
  Rendered ft_query/start_race.html.erb within layouts/application (0.2ms)
Completed 200 OK in 24ms (Views: 23.9ms | ActiveRecord: 0.0ms)


Started GET "/" for ::1 at 2022-03-18 20:36:16 +0300
Processing by FtQueryController#index as HTML
  Rendered ft_query/index.html.erb within layouts/application (4.0ms)
Completed 200 OK in 205ms (Views: 197.7ms | ActiveRecord: 0.0ms)


Started POST "/create_db" for ::1 at 2022-03-18 20:36:19 +0300
Processing by FtQueryController#create_db as HTML
  Parameters: {"authenticity_token"=>"oiFckDE0q/S4LR4sGhoGFpstnHuJXp+LVK59Zbp6EHAplvo6mJnStMfBYIhc64WUYBKwEGtXpM5rk0WDNfT31Q=="}
Redirected to http://localhost:3000/
Completed 302 Found in 1ms (ActiveRecord: 0.0ms)


Started GET "/" for ::1 at 2022-03-18 20:36:19 +0300
Processing by FtQueryController#index as HTML
  Rendered ft_query/index.html.erb within layouts/application (2.1ms)
Completed 200 OK in 12ms (Views: 11.9ms | ActiveRecord: 0.0ms)


Started POST "/create_table" for ::1 at 2022-03-18 20:37:08 +0300
Processing by FtQueryController#create_table as HTML
  Parameters: {"authenticity_token"=>"owuzejwwWPYjlEHdcdEs6C93iwG+MAkGJ4E/fLHundcovBXQlZ0htlx4P3k3IK9q1Einalw5MkMYvAeaPmB6cg=="}
Redirected to http://localhost:3000/
Completed 302 Found in 23ms (ActiveRecord: 0.0ms)


Started GET "/" for ::1 at 2022-03-18 20:37:08 +0300
Processing by FtQueryController#index as HTML
  Rendered ft_query/index.html.erb within layouts/application (1.9ms)
Completed 200 OK in 13ms (Views: 12.2ms | ActiveRecord: 0.0ms)


Started POST "/drop_table" for ::1 at 2022-03-18 20:37:21 +0300
Processing by FtQueryController#drop_table as HTML
  Parameters: {"authenticity_token"=>"HgzuouxnuJiJPZmqThSTvNBYotf8VnYJLtPOrglo8I2Vu0gIRcrB2PbR5w4I5RA+K2eOvB5fTUwR7vZIhuYXKA=="}
Redirected to http://localhost:3000/
Completed 302 Found in 5ms (ActiveRecord: 0.0ms)


Started GET "/" for ::1 at 2022-03-18 20:37:21 +0300
Processing by FtQueryController#index as HTML
  Rendered ft_query/index.html.erb within layouts/application (9.0ms)
Completed 200 OK in 24ms (Views: 24.2ms | ActiveRecord: 0.0ms)


Started GET "/" for ::1 at 2022-03-18 20:40:36 +0300
Processing by FtQueryController#index as HTML
  Rendered ft_query/index.html.erb within layouts/application (3.4ms)
Completed 200 OK in 147ms (Views: 140.8ms | ActiveRecord: 0.0ms)


Started GET "/" for ::1 at 2022-03-18 20:40:39 +0300
Processing by FtQueryController#index as HTML
  Rendered ft_query/index.html.erb within layouts/application (17.0ms)
Completed 200 OK in 27ms (Views: 26.9ms | ActiveRecord: 0.0ms)


Started GET "/" for ::1 at 2022-03-18 20:40:41 +0300
Processing by FtQueryController#index as HTML
  Rendered ft_query/index.html.erb within layouts/application (2.1ms)
Completed 200 OK in 12ms (Views: 12.0ms | ActiveRecord: 0.0ms)


Started POST "/create_db" for ::1 at 2022-03-18 20:40:44 +0300
Processing by FtQueryController#create_db as HTML
  Parameters: {"authenticity_token"=>"NPpBCVpjlFtsD0U+63QV+yFgJGDBzVH0On12XGbGk0+/Teej887tGxPjO5qthZZ52l8ICyPEarEFQE666Uh06g=="}
Redirected to http://localhost:3000/
Completed 302 Found in 1ms (ActiveRecord: 0.0ms)


Started GET "/" for ::1 at 2022-03-18 20:40:44 +0300
Processing by FtQueryController#index as HTML
  Rendered ft_query/index.html.erb within layouts/application (2.3ms)
Completed 200 OK in 24ms (Views: 23.5ms | ActiveRecord: 0.0ms)


Started POST "/create_table" for ::1 at 2022-03-18 20:40:46 +0300
Processing by FtQueryController#create_table as HTML
  Parameters: {"authenticity_token"=>"QC+6ba/W/a3+T5tQxTGoKhPf8c8/pyFByUo6Kjalp0bLmBzHBnuE7YGj5fSDwCuo6ODdpN2uGgT2dwLMuStA4w=="}
Redirected to http://localhost:3000/
Completed 302 Found in 12ms (ActiveRecord: 0.0ms)


Started GET "/" for ::1 at 2022-03-18 20:40:46 +0300
Processing by FtQueryController#index as HTML
  Rendered ft_query/index.html.erb within layouts/application (3.8ms)
Completed 200 OK in 20ms (Views: 19.5ms | ActiveRecord: 0.0ms)


Started POST "/create_table" for ::1 at 2022-03-18 20:40:58 +0300
Processing by FtQueryController#create_table as HTML
  Parameters: {"authenticity_token"=>"whL3w4oZOPCOLMMD18xx2fvvuJzIQNa81BYuTvdJHHBJpVFpI7RBsPHAvaeRPfJbANCU9ypJ7fnrKxaoeMf71Q=="}
Redirected to http://localhost:3000/
Completed 302 Found in 0ms (ActiveRecord: 0.0ms)


Started GET "/" for ::1 at 2022-03-18 20:40:58 +0300
Processing by FtQueryController#index as HTML
  Rendered ft_query/index.html.erb within layouts/application (3.6ms)
Completed 200 OK in 15ms (Views: 13.9ms | ActiveRecord: 0.0ms)


Started POST "/create_table" for ::1 at 2022-03-18 20:41:01 +0300
Processing by FtQueryController#create_table as HTML
  Parameters: {"authenticity_token"=>"HW+v65luXmYLW6sTyAjCWVJLXMtoGG4X+9X1fZ0WRt2W2AlBMMMnJnS31beO+UHbqXRwoIoRVVLE6M2bEpiheA=="}
Redirected to http://localhost:3000/
Completed 302 Found in 0ms (ActiveRecord: 0.0ms)


Started GET "/" for ::1 at 2022-03-18 20:41:01 +0300
Processing by FtQueryController#index as HTML
  Rendered ft_query/index.html.erb within layouts/application (2.3ms)
Completed 200 OK in 13ms (Views: 12.8ms | ActiveRecord: 0.0ms)


Started POST "/create_table" for ::1 at 2022-03-18 20:41:01 +0300
Processing by FtQueryController#create_table as HTML
  Parameters: {"authenticity_token"=>"HabyLlxGGmNVDSXKHg+aSjbvfRiOhpNVNuZe5boY2ACWEVSE9etjIyrhW25Y/hnIzdBRc2yPqBAJ22YDNZY/pQ=="}
Redirected to http://localhost:3000/
Completed 302 Found in 1ms (ActiveRecord: 0.0ms)


Started GET "/" for ::1 at 2022-03-18 20:41:01 +0300
Processing by FtQueryController#index as HTML
  Rendered ft_query/index.html.erb within layouts/application (2.0ms)
Completed 200 OK in 12ms (Views: 11.5ms | ActiveRecord: 0.0ms)


Started POST "/create_table" for ::1 at 2022-03-18 20:41:02 +0300
Processing by FtQueryController#create_table as HTML
  Parameters: {"authenticity_token"=>"gVzCzX9B8lXCj4C7q6z/2DsFoyoENeqxubEjw6LLHg0K62Rn1uyLFb1j/h/tXXxawDqPQeY80fSGjBslLUX5qA=="}
Redirected to http://localhost:3000/
Completed 302 Found in 1ms (ActiveRecord: 0.0ms)


Started GET "/" for ::1 at 2022-03-18 20:41:02 +0300
Processing by FtQueryController#index as HTML
  Rendered ft_query/index.html.erb within layouts/application (1.8ms)
Completed 200 OK in 12ms (Views: 11.4ms | ActiveRecord: 0.0ms)


Started POST "/drop_table" for ::1 at 2022-03-18 20:45:14 +0300
Processing by FtQueryController#drop_table as HTML
  Parameters: {"authenticity_token"=>"fnfWzQqNPdwpzgTaJ8s/gyK0R07A8yVRPk/J8auxpBj1wHBnoyBEnFYien5hOrwB2YtrJSL6HhQBcvEXJD9DvQ=="}
Redirected to http://localhost:3000/
Completed 302 Found in 5ms (ActiveRecord: 0.0ms)


Started GET "/" for ::1 at 2022-03-18 20:45:14 +0300
Processing by FtQueryController#index as HTML
  Rendered ft_query/index.html.erb within layouts/application (2.1ms)
Completed 200 OK in 20ms (Views: 19.9ms | ActiveRecord: 0.0ms)
